#
# A fatal error has been detected by the Java Runtime Environment:
#
#  Internal Error (opto/loopnode.hpp:757), pid=2360, tid=0x00000000000037bc
#  guarantee(d->_idx < _idom_size) failed: 
#
# JRE version: Java(TM) SE Runtime Environment (8.0_231-b11) (build 1.8.0_231-b11)
# Java VM: Java HotSpot(TM) 64-Bit Server VM (25.231-b11 mixed mode windows-amd64 compressed oops)
# Failed to write core dump. Minidumps are not enabled by default on client versions of Windows
#
# If you would like to submit a bug report, please visit:
#   http://bugreport.java.com/bugreport/crash.jsp
#

---------------  T H R E A D  ---------------

Current thread (0x0000000015db1000):  JavaThread "C2 CompilerThread1" daemon [_thread_in_native, id=14268, stack(0x0000000016780000,0x0000000016880000)]

Stack: [0x0000000016780000,0x0000000016880000]
[error occurred during error reporting (printing stack bounds), id 0xc0000005]

Native frames: (J=compiled Java code, j=interpreted, Vv=VM code, C=native code)


Current CompileTask:
C2:  93533 9159   !   4       io.spring.gradle.dependencymanagement.org.codehaus.plexus.interpolation.StringSearchInterpolator::interpolate (665 bytes)


---------------  P R O C E S S  ---------------

Java Threads: ( => current thread )
  0x0000000018853000 JavaThread "Build operations Thread 8" [_thread_blocked, id=15212, stack(0x0000000021f50000,0x0000000022050000)]
  0x000000001d5fd000 JavaThread "Build operations Thread 7" [_thread_blocked, id=11608, stack(0x0000000021d50000,0x0000000021e50000)]
  0x000000001d5fb800 JavaThread "Cache worker for execution history cache (C:\Users\Ivan\Desktop\Addonis\addonis\.gradle\6.3\executionHistory)" [_thread_blocked, id=8800, stack(0x0000000021c50000,0x0000000021d50000)]
  0x000000001d5fb000 JavaThread "Execution worker for ':' Thread 7" [_thread_blocked, id=12864, stack(0x0000000021950000,0x0000000021a50000)]
  0x000000001d5f3800 JavaThread "Execution worker for ':' Thread 6" [_thread_blocked, id=8104, stack(0x0000000021850000,0x0000000021950000)]
  0x000000001d5fa000 JavaThread "Execution worker for ':' Thread 5" [_thread_blocked, id=560, stack(0x0000000021750000,0x0000000021850000)]
  0x000000001d5f9800 JavaThread "Execution worker for ':' Thread 4" [_thread_blocked, id=5044, stack(0x0000000021650000,0x0000000021750000)]
  0x000000001d5f8000 JavaThread "Execution worker for ':' Thread 3" [_thread_blocked, id=13928, stack(0x0000000021550000,0x0000000021650000)]
  0x000000001d5f8800 JavaThread "Execution worker for ':' Thread 2" [_thread_blocked, id=3140, stack(0x0000000021150000,0x0000000021250000)]
  0x000000001d5f0800 JavaThread "Execution worker for ':'" [_thread_in_Java, id=12216, stack(0x0000000020df0000,0x0000000020ef0000)]
  0x000000001d5f7000 JavaThread "Cache worker for file content cache (C:\Users\Ivan\Desktop\Addonis\addonis\.gradle\6.3\fileContent)" [_thread_blocked, id=12140, stack(0x0000000020af0000,0x0000000020bf0000)]
  0x000000001d5f6800 JavaThread "Cache worker for Build Output Cleanup Cache (C:\Users\Ivan\Desktop\Addonis\addonis\.gradle\buildOutputCleanup)" [_thread_blocked, id=14400, stack(0x00000000209f0000,0x0000000020af0000)]
  0x000000001d5f2000 JavaThread "Build operations Thread 6" [_thread_blocked, id=12472, stack(0x00000000208f0000,0x00000000209f0000)]
  0x000000001e1f5000 JavaThread "Build operations Thread 5" [_thread_blocked, id=10636, stack(0x00000000207f0000,0x00000000208f0000)]
  0x000000001e1f4000 JavaThread "Build operations Thread 4" [_thread_blocked, id=13904, stack(0x00000000206f0000,0x00000000207f0000)]
  0x000000001e1f9800 JavaThread "Build operations Thread 3" [_thread_blocked, id=12224, stack(0x00000000203c0000,0x00000000204c0000)]
  0x000000001e1f5800 JavaThread "Build operations Thread 2" [_thread_blocked, id=4916, stack(0x000000001e6f0000,0x000000001e7f0000)]
  0x000000001e1f6800 JavaThread "Build operations" [_thread_blocked, id=14552, stack(0x000000001e5f0000,0x000000001e6f0000)]
  0x000000001e1f3800 JavaThread "Cache worker for cache directory md-rule (C:\Users\Ivan\Desktop\BeerTag\beer-tag\caches\6.3\md-rule)" [_thread_blocked, id=7612, stack(0x000000001d1c0000,0x000000001d2c0000)]
  0x000000001e1f8000 JavaThread "Cache worker for cache directory md-supplier (C:\Users\Ivan\Desktop\BeerTag\beer-tag\caches\6.3\md-supplier)" [_thread_blocked, id=14452, stack(0x000000001d0c0000,0x000000001d1c0000)]
  0x000000001e1f7000 JavaThread "Cache worker for file hash cache (C:\Users\Ivan\Desktop\Addonis\addonis\.gradle\6.3\fileHashes)" [_thread_blocked, id=11952, stack(0x000000001aba0000,0x000000001aca0000)]
  0x000000001e1ec000 JavaThread "Cache worker for checksums cache (C:\Users\Ivan\Desktop\Addonis\addonis\.gradle\checksums)" [_thread_blocked, id=13136, stack(0x000000001a5a0000,0x000000001a6a0000)]
  0x000000001e1f2800 JavaThread "Thread-51" [_thread_blocked, id=14952, stack(0x000000001a4a0000,0x000000001a5a0000)]
  0x000000001e1f1000 JavaThread "Stdin handler" [_thread_blocked, id=1092, stack(0x000000001a3a0000,0x000000001a4a0000)]
  0x000000001e1f0800 JavaThread "Asynchronous log dispatcher for DefaultDaemonConnection: socket connection from /127.0.0.1:51827 to /127.0.0.1:51837" [_thread_blocked, id=9076, stack(0x000000001a2a0000,0x000000001a3a0000)]
  0x000000001e1ef800 JavaThread "Daemon worker Thread 2" [_thread_blocked, id=3904, stack(0x0000000019da0000,0x0000000019ea0000)]
  0x000000001e1eb000 JavaThread "Cancel handler" [_thread_blocked, id=14976, stack(0x0000000000b40000,0x0000000000c40000)]
  0x000000001e1ef000 JavaThread "Handler for socket connection from /127.0.0.1:51827 to /127.0.0.1:51837" [_thread_in_native, id=1780, stack(0x0000000000a40000,0x0000000000b40000)]
  0x000000001e1ec800 JavaThread "Daemon Thread 2" [_thread_blocked, id=7312, stack(0x0000000000940000,0x0000000000a40000)]
  0x000000001e1ea800 JavaThread "Cache worker for Java compile cache (C:\Users\Ivan\Desktop\BeerTag\beer-tag\caches\6.3\javaCompile)" [_thread_blocked, id=11544, stack(0x0000000021e50000,0x0000000021f50000)]
  0x000000001d5fc800 JavaThread "Cache worker for file content cache (C:\Users\Ivan\Desktop\BeerTag\beer-tag\caches\6.3\fileContent)" [_thread_blocked, id=14708, stack(0x0000000021050000,0x0000000021150000)]
  0x000000001d5fe000 JavaThread "Memory manager" [_thread_blocked, id=13372, stack(0x0000000020f50000,0x0000000021050000)]
  0x000000001d5f1000 JavaThread "Cache worker for execution history cache (C:\Users\Ivan\Desktop\BeerTag\beer-tag\caches\6.3\executionHistory)" [_thread_blocked, id=10192, stack(0x000000001e2f0000,0x000000001e3f0000)]
  0x0000000018856000 JavaThread "Cache worker for file hash cache (C:\Users\Ivan\Desktop\BeerTag\beer-tag\caches\6.3\fileHashes)" [_thread_blocked, id=4948, stack(0x000000001aaa0000,0x000000001aba0000)]
  0x0000000018855800 JavaThread "File lock request listener" [_thread_in_native, id=1036, stack(0x000000001a9a0000,0x000000001aaa0000)]
  0x0000000018854800 JavaThread "Cache worker for journal cache (C:\Users\Ivan\Desktop\BeerTag\beer-tag\caches\journal-1)" [_thread_blocked, id=11236, stack(0x000000001a8a0000,0x000000001a9a0000)]
  0x0000000018808800 JavaThread "Daemon periodic checks" [_thread_blocked, id=13584, stack(0x0000000019ca0000,0x0000000019da0000)]
  0x00000000187c5000 JavaThread "Incoming local TCP Connector on port 51827" [_thread_in_native, id=15004, stack(0x0000000019a60000,0x0000000019b60000)]
  0x00000000186fd000 JavaThread "Daemon health stats" [_thread_blocked, id=5492, stack(0x0000000019420000,0x0000000019520000)]
  0x0000000015e49000 JavaThread "Service Thread" daemon [_thread_blocked, id=3980, stack(0x0000000016a80000,0x0000000016b80000)]
  0x0000000013fae000 JavaThread "C1 CompilerThread3" daemon [_thread_in_vm, id=14408, stack(0x0000000016980000,0x0000000016a80000)]
  0x0000000015db2000 JavaThread "C2 CompilerThread2" daemon [_thread_in_native, id=11580, stack(0x0000000016880000,0x0000000016980000)]
=>0x0000000015db1000 JavaThread "C2 CompilerThread1" daemon [_thread_in_native, id=14268, stack(0x0000000016780000,0x0000000016880000)]
  0x0000000015dad000 JavaThread "C2 CompilerThread0" daemon [_thread_in_native, id=10564, stack(0x0000000016680000,0x0000000016780000)]
  0x0000000015dab800 JavaThread "Attach Listener" daemon [_thread_blocked, id=12000, stack(0x0000000016580000,0x0000000016680000)]
  0x0000000015db6000 JavaThread "Signal Dispatcher" daemon [_thread_blocked, id=6112, stack(0x0000000016480000,0x0000000016580000)]
  0x00000000027dc800 JavaThread "Finalizer" daemon [_thread_blocked, id=1796, stack(0x0000000016280000,0x0000000016380000)]
  0x0000000015da0800 JavaThread "Reference Handler" daemon [_thread_blocked, id=5464, stack(0x0000000016180000,0x0000000016280000)]
  0x00000000025dd800 JavaThread "main" [_thread_blocked, id=9528, stack(0x00000000025e0000,0x00000000026e0000)]

Other Threads:
  0x0000000013f9a000 VMThread [stack: 0x0000000015c80000,0x0000000015d80000] [id=4668]
  0x0000000015e5b000 WatcherThread [stack: 0x0000000016b80000,0x0000000016c80000] [id=148]

VM state:not at safepoint (normal execution)

VM Mutex/Monitor currently owned by a thread: None

heap address: 0x00000000e0000000, size: 512 MB, Compressed Oops mode: 32-bit
Narrow klass base: 0x0000000000000000, Narrow klass shift: 3
Compressed class space size: 1073741824 Address: 0x0000000100000000

Heap:
 PSYoungGen      total 148480K, used 129794K [0x00000000f5580000, 0x0000000100000000, 0x0000000100000000)
  eden space 122368K, 97% used [0x00000000f5580000,0x00000000fca93db0,0x00000000fcd00000)
  from space 26112K, 37% used [0x00000000fcd00000,0x00000000fd6acc28,0x00000000fe680000)
  to   space 25600K, 0% used [0x00000000fe700000,0x00000000fe700000,0x0000000100000000)
 ParOldGen       total 175104K, used 75142K [0x00000000e0000000, 0x00000000eab00000, 0x00000000f5580000)
  object space 175104K, 42% used [0x00000000e0000000,0x00000000e4961be8,0x00000000eab00000)
 Metaspace       used 55104K, capacity 57870K, committed 58112K, reserved 1099776K
  class space    used 7530K, capacity 8089K, committed 8192K, reserved 1048576K

Card table byte_map: [0x0000000011ba0000,0x0000000011cb0000] byte_map_base: 0x00000000114a0000

Marking Bits: (ParMarkBitMap*) 0x000000006a536d90
 Begin Bits: [0x00000000124b0000, 0x0000000012cb0000)
 End Bits:   [0x0000000012cb0000, 0x00000000134b0000)

Polling page: 0x0000000000d20000

CodeCache: size=245760Kb used=25928Kb max_used=25928Kb free=219831Kb
 bounds [0x00000000027e0000, 0x0000000004160000, 0x00000000117e0000]
 total_blobs=8967 nmethods=8196 adapters=682
 compilation: enabled

Compilation events (10 events):
Event: 93.519 Thread 0x0000000015db2000 9495       4       java.util.ArrayList::<init> (67 bytes)
Event: 93.519 Thread 0x0000000013fae000 9496       3       java.util.Hashtable$Entry::setValue (24 bytes)
Event: 93.520 Thread 0x0000000013fae000 nmethod 9496 0x00000000041358d0 code [0x0000000004135a40, 0x0000000004135ca8]
Event: 93.521 Thread 0x0000000013fae000 9497  s    3       java.util.Vector::removeElementAt (115 bytes)
Event: 93.522 Thread 0x0000000015db2000 nmethod 9495 0x00000000041326d0 code [0x0000000004132820, 0x00000000041329d8]
Event: 93.522 Thread 0x0000000013fae000 nmethod 9497 0x0000000004131010 code [0x0000000004131240, 0x0000000004132068]
Event: 93.523 Thread 0x0000000015db2000 9498  s    4       java.util.Vector::removeElementAt (115 bytes)
Event: 93.524 Thread 0x0000000013fae000 9500   !   3       io.spring.gradle.dependencymanagement.org.apache.maven.model.building.DefaultModelBuilder::importDependencyManagement (960 bytes)
Event: 93.525 Thread 0x0000000015db2000 nmethod 9498 0x0000000004133e50 code [0x0000000004133fa0, 0x0000000004134258]
Event: 93.525 Thread 0x0000000015db2000 9499       4       io.spring.gradle.dependencymanagement.org.apache.maven.model.interpolation.UrlNormalizingPostProcessor::execute (32 bytes)

GC Heap History (10 events):
Event: 5.904 GC heap before
{Heap before GC invocations=11 (full 2):
 PSYoungGen      total 161792K, used 159906K [0x00000000f5580000, 0x00000000fff80000, 0x0000000100000000)
  eden space 150528K, 100% used [0x00000000f5580000,0x00000000fe880000,0x00000000fe880000)
  from space 11264K, 83% used [0x00000000ff480000,0x00000000ffda89c8,0x00000000fff80000)
  to   space 11776K, 0% used [0x00000000fe880000,0x00000000fe880000,0x00000000ff400000)
 ParOldGen       total 175104K, used 15013K [0x00000000e0000000, 0x00000000eab00000, 0x00000000f5580000)
  object space 175104K, 8% used [0x00000000e0000000,0x00000000e0ea9650,0x00000000eab00000)
 Metaspace       used 43664K, capacity 45676K, committed 45824K, reserved 1089536K
  class space    used 6241K, capacity 6633K, committed 6656K, reserved 1048576K
Event: 5.921 GC heap after
Heap after GC invocations=11 (full 2):
 PSYoungGen      total 162304K, used 11744K [0x00000000f5580000, 0x0000000100000000, 0x0000000100000000)
  eden space 150528K, 0% used [0x00000000f5580000,0x00000000f5580000,0x00000000fe880000)
  from space 11776K, 99% used [0x00000000fe880000,0x00000000ff3f8030,0x00000000ff400000)
  to   space 12288K, 0% used [0x00000000ff400000,0x00000000ff400000,0x0000000100000000)
 ParOldGen       total 175104K, used 21466K [0x00000000e0000000, 0x00000000eab00000, 0x00000000f5580000)
  object space 175104K, 12% used [0x00000000e0000000,0x00000000e14f6a78,0x00000000eab00000)
 Metaspace       used 43664K, capacity 45676K, committed 45824K, reserved 1089536K
  class space    used 6241K, capacity 6633K, committed 6656K, reserved 1048576K
}
Event: 6.534 GC heap before
{Heap before GC invocations=12 (full 2):
 PSYoungGen      total 162304K, used 162272K [0x00000000f5580000, 0x0000000100000000, 0x0000000100000000)
  eden space 150528K, 100% used [0x00000000f5580000,0x00000000fe880000,0x00000000fe880000)
  from space 11776K, 99% used [0x00000000fe880000,0x00000000ff3f8030,0x00000000ff400000)
  to   space 12288K, 0% used [0x00000000ff400000,0x00000000ff400000,0x0000000100000000)
 ParOldGen       total 175104K, used 21466K [0x00000000e0000000, 0x00000000eab00000, 0x00000000f5580000)
  object space 175104K, 12% used [0x00000000e0000000,0x00000000e14f6a78,0x00000000eab00000)
 Metaspace       used 44113K, capacity 46152K, committed 46464K, reserved 1089536K
  class space    used 6248K, capacity 6673K, committed 6784K, reserved 1048576K
Event: 6.548 GC heap after
Heap after GC invocations=12 (full 2):
 PSYoungGen      total 151040K, used 12256K [0x00000000f5580000, 0x0000000100000000, 0x0000000100000000)
  eden space 138752K, 0% used [0x00000000f5580000,0x00000000f5580000,0x00000000fdd00000)
  from space 12288K, 99% used [0x00000000ff400000,0x00000000ffff8030,0x0000000100000000)
  to   space 17920K, 0% used [0x00000000fdd00000,0x00000000fdd00000,0x00000000fee80000)
 ParOldGen       total 175104K, used 27101K [0x00000000e0000000, 0x00000000eab00000, 0x00000000f5580000)
  object space 175104K, 15% used [0x00000000e0000000,0x00000000e1a774c0,0x00000000eab00000)
 Metaspace       used 44113K, capacity 46152K, committed 46464K, reserved 1089536K
  class space    used 6248K, capacity 6673K, committed 6784K, reserved 1048576K
}
Event: 7.660 GC heap before
{Heap before GC invocations=13 (full 2):
 PSYoungGen      total 151040K, used 150993K [0x00000000f5580000, 0x0000000100000000, 0x0000000100000000)
  eden space 138752K, 99% used [0x00000000f5580000,0x00000000fdcfc768,0x00000000fdd00000)
  from space 12288K, 99% used [0x00000000ff400000,0x00000000ffff8030,0x0000000100000000)
  to   space 17920K, 0% used [0x00000000fdd00000,0x00000000fdd00000,0x00000000fee80000)
 ParOldGen       total 175104K, used 27101K [0x00000000e0000000, 0x00000000eab00000, 0x00000000f5580000)
  object space 175104K, 15% used [0x00000000e0000000,0x00000000e1a774c0,0x00000000eab00000)
 Metaspace       used 49202K, capacity 51640K, committed 51712K, reserved 1093632K
  class space    used 6972K, capacity 7419K, committed 7424K, reserved 1048576K
Event: 7.687 GC heap after
Heap after GC invocations=13 (full 2):
 PSYoungGen      total 156672K, used 17899K [0x00000000f5580000, 0x0000000100000000, 0x0000000100000000)
  eden space 138752K, 0% used [0x00000000f5580000,0x00000000f5580000,0x00000000fdd00000)
  from space 17920K, 99% used [0x00000000fdd00000,0x00000000fee7adb0,0x00000000fee80000)
  to   space 17920K, 0% used [0x00000000fee80000,0x00000000fee80000,0x0000000100000000)
 ParOldGen       total 175104K, used 42670K [0x00000000e0000000, 0x00000000eab00000, 0x00000000f5580000)
  object space 175104K, 24% used [0x00000000e0000000,0x00000000e29abae8,0x00000000eab00000)
 Metaspace       used 49202K, capacity 51640K, committed 51712K, reserved 1093632K
  class space    used 6972K, capacity 7419K, committed 7424K, reserved 1048576K
}
Event: 8.801 GC heap before
{Heap before GC invocations=14 (full 2):
 PSYoungGen      total 156672K, used 156651K [0x00000000f5580000, 0x0000000100000000, 0x0000000100000000)
  eden space 138752K, 100% used [0x00000000f5580000,0x00000000fdd00000,0x00000000fdd00000)
  from space 17920K, 99% used [0x00000000fdd00000,0x00000000fee7adb0,0x00000000fee80000)
  to   space 17920K, 0% used [0x00000000fee80000,0x00000000fee80000,0x0000000100000000)
 ParOldGen       total 175104K, used 42670K [0x00000000e0000000, 0x00000000eab00000, 0x00000000f5580000)
  object space 175104K, 24% used [0x00000000e0000000,0x00000000e29abae8,0x00000000eab00000)
 Metaspace       used 51927K, capacity 54452K, committed 54656K, reserved 1095680K
  class space    used 7250K, capacity 7738K, committed 7808K, reserved 1048576K
Event: 8.819 GC heap after
Heap after GC invocations=14 (full 2):
 PSYoungGen      total 140288K, used 17519K [0x00000000f5580000, 0x0000000100000000, 0x0000000100000000)
  eden space 122368K, 0% used [0x00000000f5580000,0x00000000f5580000,0x00000000fcd00000)
  from space 17920K, 97% used [0x00000000fee80000,0x00000000fff9bfb8,0x0000000100000000)
  to   space 26112K, 0% used [0x00000000fcd00000,0x00000000fcd00000,0x00000000fe680000)
 ParOldGen       total 175104K, used 60337K [0x00000000e0000000, 0x00000000eab00000, 0x00000000f5580000)
  object space 175104K, 34% used [0x00000000e0000000,0x00000000e3aec600,0x00000000eab00000)
 Metaspace       used 51927K, capacity 54452K, committed 54656K, reserved 1095680K
  class space    used 7250K, capacity 7738K, committed 7808K, reserved 1048576K
}
Event: 9.453 GC heap before
{Heap before GC invocations=15 (full 2):
 PSYoungGen      total 140288K, used 139887K [0x00000000f5580000, 0x0000000100000000, 0x0000000100000000)
  eden space 122368K, 100% used [0x00000000f5580000,0x00000000fcd00000,0x00000000fcd00000)
  from space 17920K, 97% used [0x00000000fee80000,0x00000000fff9bfb8,0x0000000100000000)
  to   space 26112K, 0% used [0x00000000fcd00000,0x00000000fcd00000,0x00000000fe680000)
 ParOldGen       total 175104K, used 60337K [0x00000000e0000000, 0x00000000eab00000, 0x00000000f5580000)
  object space 175104K, 34% used [0x00000000e0000000,0x00000000e3aec600,0x00000000eab00000)
 Metaspace       used 53193K, capacity 55700K, committed 55808K, reserved 1097728K
  class space    used 7353K, capacity 7834K, committed 7936K, reserved 1048576K
Event: 9.466 GC heap after
Heap after GC invocations=15 (full 2):
 PSYoungGen      total 148480K, used 9907K [0x00000000f5580000, 0x0000000100000000, 0x0000000100000000)
  eden space 122368K, 0% used [0x00000000f5580000,0x00000000f5580000,0x00000000fcd00000)
  from space 26112K, 37% used [0x00000000fcd00000,0x00000000fd6acc28,0x00000000fe680000)
  to   space 25600K, 0% used [0x00000000fe700000,0x00000000fe700000,0x0000000100000000)
 ParOldGen       total 175104K, used 75142K [0x00000000e0000000, 0x00000000eab00000, 0x00000000f5580000)
  object space 175104K, 42% used [0x00000000e0000000,0x00000000e4961be8,0x00000000eab00000)
 Metaspace       used 53193K, capacity 55700K, committed 55808K, reserved 1097728K
  class space    used 7353K, capacity 7834K, committed 7936K, reserved 1048576K
}

Deoptimization events (10 events):
Event: 92.925 Thread 0x000000001e1ef800 Uncommon trap: reason=bimorphic action=maybe_recompile pc=0x00000000031484c4 method=java.util.Objects.equals(Ljava/lang/Object;Ljava/lang/Object;)Z @ 11
Event: 92.925 Thread 0x000000001e1ef800 Uncommon trap: reason=bimorphic action=maybe_recompile pc=0x00000000031484c4 method=java.util.Objects.equals(Ljava/lang/Object;Ljava/lang/Object;)Z @ 11
Event: 92.930 Thread 0x000000001e1ef800 Uncommon trap: reason=bimorphic action=maybe_recompile pc=0x000000000403facc method=com.google.common.cache.LocalCache$Segment.getEntry(Ljava/lang/Object;I)Lcom/google/common/cache/ReferenceEntry; @ 11
Event: 92.933 Thread 0x000000001e1ef800 Uncommon trap: reason=bimorphic action=maybe_recompile pc=0x000000000403facc method=com.google.common.cache.LocalCache$Segment.getEntry(Ljava/lang/Object;I)Lcom/google/common/cache/ReferenceEntry; @ 11
Event: 92.934 Thread 0x000000001e1ef800 Uncommon trap: reason=bimorphic action=maybe_recompile pc=0x000000000403facc method=com.google.common.cache.LocalCache$Segment.getEntry(Ljava/lang/Object;I)Lcom/google/common/cache/ReferenceEntry; @ 11
Event: 93.026 Thread 0x000000001e1ef800 Uncommon trap: reason=bimorphic action=maybe_recompile pc=0x000000000403facc method=com.google.common.cache.LocalCache$Segment.getEntry(Ljava/lang/Object;I)Lcom/google/common/cache/ReferenceEntry; @ 11
Event: 93.046 Thread 0x000000001e1ef800 Uncommon trap: reason=bimorphic action=maybe_recompile pc=0x0000000003a9fec0 method=com.google.common.collect.ImmutableSet.copyOf(Ljava/util/Collection;)Lcom/google/common/collect/ImmutableSet; @ 29
Event: 93.047 Thread 0x000000001e1ef800 Uncommon trap: reason=speculate_class_check action=maybe_recompile pc=0x00000000035bf7d0 method=com.google.common.collect.ImmutableList.listIterator(I)Lcom/google/common/collect/UnmodifiableListIterator; @ 2
Event: 93.086 Thread 0x000000001e1ef800 Uncommon trap: reason=unstable_if action=reinterpret pc=0x00000000029ac790 method=java.util.ArrayDeque.addFirst(Ljava/lang/Object;)V @ 45
Event: 93.316 Thread 0x000000001d5f0800 Uncommon trap: reason=unstable_if action=reinterpret pc=0x00000000040eacf4 method=io.spring.gradle.dependencymanagement.internal.Exclusions.add(Ljava/lang/String;Ljava/util/Collection;)V @ 15

Classes redefined (0 events):
No events

Internal exceptions (10 events):
Event: 8.651 Thread 0x000000001d5fb800 Implicit null exception at 0x0000000002de2da1 to 0x0000000002de2e67
Event: 8.651 Thread 0x000000001d5fb800 Exception <a 'java/lang/NullPointerException'> (0x00000000fb61e628) thrown at [C:\re\workspace\8-2-build-windows-amd64-cygwin\jdk8u231\13620\hotspot\src\share\vm\runtime\sharedRuntime.cpp, line 605]
Event: 8.828 Thread 0x000000001d5fb800 Implicit null exception at 0x0000000002deddf0 to 0x0000000002dee48d
Event: 9.524 Thread 0x000000001885a000 Exception <a 'java/lang/NoSuchMethodError': <clinit>> (0x00000000f5789940) thrown at [C:\re\workspace\8-2-build-windows-amd64-cygwin\jdk8u231\13620\hotspot\src\share\vm\prims\jni.cpp, line 1614]
Event: 9.528 Thread 0x000000001885a000 Exception <a 'java/lang/NoSuchMethodError': <clinit>> (0x00000000f5bf44a0) thrown at [C:\re\workspace\8-2-build-windows-amd64-cygwin\jdk8u231\13620\hotspot\src\share\vm\prims\jni.cpp, line 1614]
Event: 9.529 Thread 0x000000001885a000 Exception <a 'java/lang/NoSuchMethodError': <clinit>> (0x00000000f5bf6860) thrown at [C:\re\workspace\8-2-build-windows-amd64-cygwin\jdk8u231\13620\hotspot\src\share\vm\prims\jni.cpp, line 1614]
Event: 9.529 Thread 0x000000001885a000 Exception <a 'java/lang/NoSuchMethodError': <clinit>> (0x00000000f5bf8258) thrown at [C:\re\workspace\8-2-build-windows-amd64-cygwin\jdk8u231\13620\hotspot\src\share\vm\prims\jni.cpp, line 1614]
Event: 9.529 Thread 0x000000001885a000 Exception <a 'java/lang/NoSuchMethodError': <clinit>> (0x00000000f5bfa100) thrown at [C:\re\workspace\8-2-build-windows-amd64-cygwin\jdk8u231\13620\hotspot\src\share\vm\prims\jni.cpp, line 1614]
Event: 9.531 Thread 0x000000001885a000 Exception <a 'java/lang/NoSuchMethodError': <clinit>> (0x00000000f5c46020) thrown at [C:\re\workspace\8-2-build-windows-amd64-cygwin\jdk8u231\13620\hotspot\src\share\vm\prims\jni.cpp, line 1614]
Event: 9.532 Thread 0x000000001885a000 Exception <a 'java/lang/NoSuchMethodError': <clinit>> (0x00000000f5c4f360) thrown at [C:\re\workspace\8-2-build-windows-amd64-cygwin\jdk8u231\13620\hotspot\src\share\vm\prims\jni.cpp, line 1614]

Events (10 events):
Event: 93.189 Thread 0x0000000013fae000 flushing nmethod 0x0000000003f3b810
Event: 93.189 Thread 0x0000000013fae000 flushing nmethod 0x0000000003fb9410
Event: 93.189 Thread 0x0000000013fae000 flushing nmethod 0x0000000003ffb410
Event: 93.279 Thread 0x000000001d5f0800 DEOPT PACKING pc=0x000000000376d0a4 sp=0x0000000020ee9130
Event: 93.279 Thread 0x000000001d5f0800 DEOPT UNPACKING pc=0x0000000002827890 sp=0x0000000020ee8fe8 mode 0
Event: 93.316 Thread 0x000000001d5f0800 Uncommon trap: trap_request=0xffffff65 fr.pc=0x00000000040eacf4
Event: 93.316 Thread 0x000000001d5f0800 DEOPT PACKING pc=0x00000000040eacf4 sp=0x0000000020eebe00
Event: 93.316 Thread 0x000000001d5f0800 DEOPT UNPACKING pc=0x000000000282583b sp=0x0000000020eebdf0 mode 2
Event: 93.399 Thread 0x000000001d5f0800 DEOPT PACKING pc=0x00000000036eefed sp=0x0000000020eeaaf0
Event: 93.399 Thread 0x000000001d5f0800 DEOPT UNPACKING pc=0x0000000002827890 sp=0x0000000020eea938 mode 0


Dynamic libraries:
0x00007ff6830c0000 - 0x00007ff6830f7000 	C:\Program Files\Java\jdk1.8.0_231\bin\java.exe
0x00007ffa65c00000 - 0x00007ffa65df0000 	C:\Windows\SYSTEM32\ntdll.dll
0x00007ffa653f0000 - 0x00007ffa654a2000 	C:\Windows\System32\KERNEL32.DLL
0x00007ffa63670000 - 0x00007ffa63913000 	C:\Windows\System32\KERNELBASE.dll
0x00007ffa654b0000 - 0x00007ffa65553000 	C:\Windows\System32\ADVAPI32.dll
0x00007ffa655f0000 - 0x00007ffa6568e000 	C:\Windows\System32\msvcrt.dll
0x00007ffa63e30000 - 0x00007ffa63ec7000 	C:\Windows\System32\sechost.dll
0x00007ffa644c0000 - 0x00007ffa645e0000 	C:\Windows\System32\RPCRT4.dll
0x00007ffa64610000 - 0x00007ffa647a4000 	C:\Windows\System32\USER32.dll
0x00007ffa635c0000 - 0x00007ffa635e1000 	C:\Windows\System32\win32u.dll
0x00007ffa645e0000 - 0x00007ffa64606000 	C:\Windows\System32\GDI32.dll
0x00007ffa63420000 - 0x00007ffa635b4000 	C:\Windows\System32\gdi32full.dll
0x00007ffa63ac0000 - 0x00007ffa63b5e000 	C:\Windows\System32\msvcp_win.dll
0x00007ffa63920000 - 0x00007ffa63a1a000 	C:\Windows\System32\ucrtbase.dll
0x00007ffa4c480000 - 0x00007ffa4c705000 	C:\Windows\WinSxS\amd64_microsoft.windows.common-controls_6595b64144ccf1df_6.0.18362.720_none_e6beb5c51314836b\COMCTL32.dll
0x00007ffa63ed0000 - 0x00007ffa64206000 	C:\Windows\System32\combase.dll
0x00007ffa635f0000 - 0x00007ffa63670000 	C:\Windows\System32\bcryptPrimitives.dll
0x00007ffa64410000 - 0x00007ffa6443e000 	C:\Windows\System32\IMM32.DLL
0x000000006a5c0000 - 0x000000006a692000 	C:\Program Files\Java\jdk1.8.0_231\jre\bin\msvcr100.dll
0x0000000069d10000 - 0x000000006a5b6000 	C:\Program Files\Java\jdk1.8.0_231\jre\bin\server\jvm.dll
0x00007ffa657f0000 - 0x00007ffa657f8000 	C:\Windows\System32\PSAPI.DLL
0x00007ffa43400000 - 0x00007ffa43409000 	C:\Windows\SYSTEM32\WSOCK32.dll
0x00007ffa65800000 - 0x00007ffa6586f000 	C:\Windows\System32\WS2_32.dll
0x00007ffa60690000 - 0x00007ffa606b4000 	C:\Windows\SYSTEM32\WINMM.dll
0x00007ffa5d140000 - 0x00007ffa5d14a000 	C:\Windows\SYSTEM32\VERSION.dll
0x00007ffa60210000 - 0x00007ffa6023d000 	C:\Windows\SYSTEM32\winmmbase.dll
0x00007ffa63a20000 - 0x00007ffa63a6a000 	C:\Windows\System32\cfgmgr32.dll
0x00007ffa5e600000 - 0x00007ffa5e60f000 	C:\Program Files\Java\jdk1.8.0_231\jre\bin\verify.dll
0x00007ffa47310000 - 0x00007ffa47339000 	C:\Program Files\Java\jdk1.8.0_231\jre\bin\java.dll
0x00007ffa4ada0000 - 0x00007ffa4adb6000 	C:\Program Files\Java\jdk1.8.0_231\jre\bin\zip.dll
0x00007ffa64d00000 - 0x00007ffa653e5000 	C:\Windows\System32\SHELL32.dll
0x00007ffa65870000 - 0x00007ffa65919000 	C:\Windows\System32\shcore.dll
0x00007ffa62b90000 - 0x00007ffa63310000 	C:\Windows\System32\windows.storage.dll
0x00007ffa62b60000 - 0x00007ffa62b83000 	C:\Windows\System32\profapi.dll
0x00007ffa62af0000 - 0x00007ffa62b3a000 	C:\Windows\System32\powrprof.dll
0x00007ffa62ac0000 - 0x00007ffa62ad0000 	C:\Windows\System32\UMPDC.dll
0x00007ffa64c20000 - 0x00007ffa64c72000 	C:\Windows\System32\shlwapi.dll
0x00007ffa62ad0000 - 0x00007ffa62ae1000 	C:\Windows\System32\kernel.appcore.dll
0x00007ffa63aa0000 - 0x00007ffa63ab7000 	C:\Windows\System32\cryptsp.dll
0x00007ffa472f0000 - 0x00007ffa4730a000 	C:\Program Files\Java\jdk1.8.0_231\jre\bin\net.dll
0x00007ffa62330000 - 0x00007ffa62397000 	C:\Windows\system32\mswsock.dll
0x00007ffa472d0000 - 0x00007ffa472e2000 	C:\Program Files\Java\jdk1.8.0_231\jre\bin\nio.dll
0x00007ffa47340000 - 0x00007ffa47367000 	C:\Users\Ivan\Desktop\BeerTag\beer-tag\native\c976cfcca226fdd4bee4412e95191dd41148b7504f9625baeda1d523bc39a967\windows-amd64\native-platform.dll
0x00007ffa51e70000 - 0x00007ffa51e7d000 	C:\Program Files\Java\jdk1.8.0_231\jre\bin\management.dll
0x00007ffa61ea0000 - 0x00007ffa61ed3000 	C:\Windows\system32\rsaenh.dll
0x00007ffa63a70000 - 0x00007ffa63a96000 	C:\Windows\System32\bcrypt.dll
0x00007ffa629e0000 - 0x00007ffa62a05000 	C:\Windows\SYSTEM32\USERENV.dll
0x00007ffa62500000 - 0x00007ffa6250c000 	C:\Windows\SYSTEM32\CRYPTBASE.dll
0x00007ffa62040000 - 0x00007ffa6207a000 	C:\Windows\SYSTEM32\IPHLPAPI.DLL
0x00007ffa65560000 - 0x00007ffa65568000 	C:\Windows\System32\NSI.dll
0x00007ffa59d20000 - 0x00007ffa59d36000 	C:\Windows\SYSTEM32\dhcpcsvc6.DLL
0x00007ffa5a790000 - 0x00007ffa5a7ac000 	C:\Windows\SYSTEM32\dhcpcsvc.DLL
0x00007ffa62090000 - 0x00007ffa6215a000 	C:\Windows\SYSTEM32\DNSAPI.dll

VM Arguments:
jvm_args: -XX:MaxMetaspaceSize=256m -XX:+HeapDumpOnOutOfMemoryError -Xms256m -Xmx512m -Dfile.encoding=windows-1252 -Duser.country=US -Duser.language=en -Duser.variant 
java_command: org.gradle.launcher.daemon.bootstrap.GradleDaemon 6.3
java_class_path (initial): C:\Users\Ivan\Desktop\BeerTag\beer-tag\wrapper\dists\gradle-6.3-all\b4awcolw9l59x95tu1obfh9i8\gradle-6.3\lib\gradle-launcher-6.3.jar
Launcher Type: SUN_STANDARD

Environment Variables:
PATH=C:\Program Files (x86)\Common Files\Oracle\Java\javapath;C:\Windows\system32;C:\Windows;C:\Windows\System32\Wbem;C:\Windows\System32\WindowsPowerShell\v1.0\;C:\Windows\System32\OpenSSH\;C:\Program Files (x86)\QuickTime\QTSystem\;C:\Program Files\Git\cmd;C:\Program Files\nodejs\;C:\Users\Ivan\AppData\Local\Microsoft\WindowsApps;C:\Users\Ivan\AppData\Roaming\npm;C:\Users\Ivan\AppData\Local\Programs\Microsoft VS Code\bin
USERNAME=Ivan
OS=Windows_NT
PROCESSOR_IDENTIFIER=Intel64 Family 6 Model 126 Stepping 5, GenuineIntel



---------------  S Y S T E M  ---------------

OS: Windows 10.0 , 64 bit Build 18362 (10.0.18362.329)

CPU:total 8 (initial active 8) (4 cores per cpu, 2 threads per core) family 6 model 126 stepping 5, cmov, cx8, fxsr, mmx, sse, sse2, sse3, ssse3, sse4.1, sse4.2, popcnt, avx, avx2, aes, clmul, erms, 3dnowpref, lzcnt, ht, tsc, tscinvbit, bmi1, bmi2, adx

Memory: 4k page, physical 12344800k(2060656k free), swap 22830560k(3938852k free)

vm_info: Java HotSpot(TM) 64-Bit Server VM (25.231-b11) for windows-amd64 JRE (1.8.0_231-b11), built on Oct  5 2019 03:11:30 by "java_re" with MS VC++ 10.0 (VS2010)

time: Sat Apr 11 23:29:44 2020
timezone: FLE Daylight Time
elapsed time: 93 seconds (0d 0h 1m 33s)

